SF:/Users/rnethi/acorn-alarms-service/src/devdb_client/mod.rs
FN:19,_RNCNvMNtCs7VIpnN53UWS_20acorn_alarms_service12devdb_clientNtB4_11DevDBClient15get_device_info0B6_
FN:28,_RNCNvMNtCs7VIpnN53UWS_20acorn_alarms_service12devdb_clientNtB4_11DevDBClient18get_all_alarm_info0B6_
FN:13,_RNCNvMNtCs7VIpnN53UWS_20acorn_alarms_service12devdb_clientNtB4_11DevDBClient7connect0B6_
FN:19,_RNvMNtCs7VIpnN53UWS_20acorn_alarms_service12devdb_clientNtB2_11DevDBClient15get_device_info
FN:28,_RNvMNtCs7VIpnN53UWS_20acorn_alarms_service12devdb_clientNtB2_11DevDBClient18get_all_alarm_info
FN:13,_RNvMNtCs7VIpnN53UWS_20acorn_alarms_service12devdb_clientNtB2_11DevDBClient7connect
FNDA:0,_RNCNvMNtCs7VIpnN53UWS_20acorn_alarms_service12devdb_clientNtB4_11DevDBClient15get_device_info0B6_
FNDA:0,_RNCNvMNtCs7VIpnN53UWS_20acorn_alarms_service12devdb_clientNtB4_11DevDBClient18get_all_alarm_info0B6_
FNDA:0,_RNCNvMNtCs7VIpnN53UWS_20acorn_alarms_service12devdb_clientNtB4_11DevDBClient7connect0B6_
FNDA:0,_RNvMNtCs7VIpnN53UWS_20acorn_alarms_service12devdb_clientNtB2_11DevDBClient15get_device_info
FNDA:0,_RNvMNtCs7VIpnN53UWS_20acorn_alarms_service12devdb_clientNtB2_11DevDBClient18get_all_alarm_info
FNDA:0,_RNvMNtCs7VIpnN53UWS_20acorn_alarms_service12devdb_clientNtB2_11DevDBClient7connect
FNF:6
FNH:0
DA:13,0
DA:14,0
DA:15,0
DA:16,0
DA:19,0
DA:20,0
DA:22,0
DA:24,0
DA:25,0
DA:28,0
DA:29,0
DA:31,0
DA:33,0
DA:34,0
BRF:0
BRH:0
LF:17
LH:0
end_of_record
SF:/Users/rnethi/acorn-alarms-service/src/dpm/mod.rs
FN:154,_RNvNtNtCs7VIpnN53UWS_20acorn_alarms_service3dpm4tests_21test_build_analog_drf
FN:163,_RNvNtNtCs7VIpnN53UWS_20acorn_alarms_service3dpm4tests_22test_build_digital_drf
FN:299,_RNvNtNtCs7VIpnN53UWS_20acorn_alarms_service3dpm4tests_23test_daq_error_fmt_impl
FN:172,_RNvNtNtCs7VIpnN53UWS_20acorn_alarms_service3dpm4tests_25test_status_reading_reply
FN:195,_RNvNtNtCs7VIpnN53UWS_20acorn_alarms_service3dpm4tests_30test_analog_alarm_reply_parsed
FN:247,_RNvNtNtCs7VIpnN53UWS_20acorn_alarms_service3dpm4tests_31test_digital_alarm_reply_parsed
FN:97,_RNvNtCs7VIpnN53UWS_20acorn_alarms_service3dpm11parse_reply
FN:61,_RNvNtCs7VIpnN53UWS_20acorn_alarms_service3dpm9build_drf
FN:14,_RNvXNtCs7VIpnN53UWS_20acorn_alarms_service3dpmNtB2_8DaqErrorNtNtCs2CqrNpCrSUr_4core3fmt7Display3fmt
FN:108,_RNCNvNtCs7VIpnN53UWS_20acorn_alarms_service3dpm11parse_reply0B5_
FN:121,_RNCNvNtCs7VIpnN53UWS_20acorn_alarms_service3dpm11parse_replys0_0B5_
FN:122,_RNCNvNtCs7VIpnN53UWS_20acorn_alarms_service3dpm11parse_replys1_0B5_
FN:116,_RNCNvNtCs7VIpnN53UWS_20acorn_alarms_service3dpm11parse_replys_0B5_
FN:87,_RNCNCNCNvNtCs7VIpnN53UWS_20acorn_alarms_service3dpm12fetch_alarms000B9_
FN:88,_RNCNCNCNvNtCs7VIpnN53UWS_20acorn_alarms_service3dpm12fetch_alarms00s_0B9_
FN:83,_RNCNCNvNtCs7VIpnN53UWS_20acorn_alarms_service3dpm12fetch_alarms00B7_
FN:75,_RNCNvNtCs7VIpnN53UWS_20acorn_alarms_service3dpm12fetch_alarms0B5_
FN:69,_RNvNtCs7VIpnN53UWS_20acorn_alarms_service3dpm12fetch_alarms
FNDA:1,_RNvNtNtCs7VIpnN53UWS_20acorn_alarms_service3dpm4tests_21test_build_analog_drf
FNDA:1,_RNvNtNtCs7VIpnN53UWS_20acorn_alarms_service3dpm4tests_22test_build_digital_drf
FNDA:1,_RNvNtNtCs7VIpnN53UWS_20acorn_alarms_service3dpm4tests_23test_daq_error_fmt_impl
FNDA:1,_RNvNtNtCs7VIpnN53UWS_20acorn_alarms_service3dpm4tests_25test_status_reading_reply
FNDA:1,_RNvNtNtCs7VIpnN53UWS_20acorn_alarms_service3dpm4tests_30test_analog_alarm_reply_parsed
FNDA:1,_RNvNtNtCs7VIpnN53UWS_20acorn_alarms_service3dpm4tests_31test_digital_alarm_reply_parsed
FNDA:3,_RNvNtCs7VIpnN53UWS_20acorn_alarms_service3dpm11parse_reply
FNDA:2,_RNvNtCs7VIpnN53UWS_20acorn_alarms_service3dpm9build_drf
FNDA:1,_RNvXNtCs7VIpnN53UWS_20acorn_alarms_service3dpmNtB2_8DaqErrorNtNtCs2CqrNpCrSUr_4core3fmt7Display3fmt
FNDA:0,_RNCNvNtCs7VIpnN53UWS_20acorn_alarms_service3dpm11parse_reply0B5_
FNDA:2,_RNCNvNtCs7VIpnN53UWS_20acorn_alarms_service3dpm11parse_replys0_0B5_
FNDA:0,_RNCNvNtCs7VIpnN53UWS_20acorn_alarms_service3dpm11parse_replys1_0B5_
FNDA:0,_RNCNvNtCs7VIpnN53UWS_20acorn_alarms_service3dpm11parse_replys_0B5_
FNDA:0,_RNCNCNCNvNtCs7VIpnN53UWS_20acorn_alarms_service3dpm12fetch_alarms000B9_
FNDA:0,_RNCNCNCNvNtCs7VIpnN53UWS_20acorn_alarms_service3dpm12fetch_alarms00s_0B9_
FNDA:0,_RNCNCNvNtCs7VIpnN53UWS_20acorn_alarms_service3dpm12fetch_alarms00B7_
FNDA:0,_RNCNvNtCs7VIpnN53UWS_20acorn_alarms_service3dpm12fetch_alarms0B5_
FNDA:0,_RNvNtCs7VIpnN53UWS_20acorn_alarms_service3dpm12fetch_alarms
FNF:18
FNH:10
DA:14,1
DA:15,1
DA:16,1
DA:61,2
DA:62,2
DA:63,1
DA:64,1
DA:66,2
DA:67,2
DA:69,0
DA:70,0
DA:71,0
DA:72,0
DA:73,0
DA:74,0
DA:75,0
DA:76,0
DA:77,0
DA:78,0
DA:79,0
DA:80,0
DA:81,0
DA:83,0
DA:84,0
DA:85,0
DA:86,0
DA:87,0
DA:88,0
DA:89,0
DA:91,0
DA:92,0
DA:94,0
DA:95,0
DA:97,3
DA:98,3
DA:99,3
DA:100,3
DA:101,3
DA:102,3
DA:103,2
DA:104,2
DA:105,2
DA:106,2
DA:107,2
DA:108,2
DA:110,2
DA:111,2
DA:112,2
DA:113,2
DA:114,2
DA:115,2
DA:116,0
DA:117,0
DA:118,2
DA:119,2
DA:120,2
DA:121,2
DA:122,2
DA:125,1
DA:126,1
DA:127,1
DA:128,1
DA:129,1
DA:130,1
DA:131,1
DA:132,0
DA:133,0
DA:134,0
DA:136,3
DA:154,1
DA:155,1
DA:156,1
DA:157,1
DA:158,1
DA:159,1
DA:160,1
DA:163,1
DA:164,1
DA:165,1
DA:166,1
DA:167,1
DA:168,1
DA:169,1
DA:172,1
DA:173,1
DA:174,1
DA:175,1
DA:176,1
DA:177,1
DA:178,1
DA:179,1
DA:180,1
DA:181,1
DA:182,1
DA:183,1
DA:184,1
DA:185,1
DA:186,1
DA:187,1
DA:188,1
DA:190,0
DA:192,1
DA:195,1
DA:196,1
DA:197,1
DA:198,1
DA:199,1
DA:200,1
DA:201,1
DA:202,1
DA:203,1
DA:204,1
DA:205,1
DA:206,1
DA:207,1
DA:208,1
DA:209,1
DA:210,1
DA:211,1
DA:212,1
DA:213,1
DA:214,1
DA:215,1
DA:216,1
DA:217,1
DA:218,1
DA:219,1
DA:220,1
DA:221,1
DA:222,1
DA:224,1
DA:225,1
DA:226,1
DA:227,1
DA:228,1
DA:229,1
DA:230,1
DA:231,1
DA:232,1
DA:233,1
DA:234,1
DA:235,1
DA:236,1
DA:237,1
DA:238,1
DA:240,1
DA:241,1
DA:244,1
DA:247,1
DA:248,1
DA:249,1
DA:250,1
DA:251,1
DA:252,1
DA:253,1
DA:254,1
DA:255,1
DA:256,1
DA:257,1
DA:258,1
DA:259,1
DA:260,1
DA:261,1
DA:262,1
DA:263,1
DA:264,1
DA:265,1
DA:266,1
DA:267,1
DA:268,1
DA:269,1
DA:270,1
DA:271,1
DA:272,1
DA:273,1
DA:274,1
DA:276,1
DA:277,1
DA:278,1
DA:279,1
DA:280,1
DA:281,1
DA:282,1
DA:283,1
DA:284,1
DA:285,1
DA:286,1
DA:287,1
DA:288,1
DA:289,1
DA:290,1
DA:292,1
DA:293,1
DA:296,1
DA:299,1
DA:300,1
DA:301,1
DA:302,1
DA:303,1
DA:304,1
BRF:0
BRH:0
LF:208
LH:171
end_of_record
SF:/Users/rnethi/acorn-alarms-service/src/epics/mod.rs
FN:33,_RINvMs_NtCs7VIpnN53UWS_20acorn_alarms_service5epicsNtB5_17PhoebusAlarmState13check_and_setINtNtCs1iNZn6q2WMN_6chrono8datetime8DateTimeNtNtNtB1v_6offset3utc3UtcEEB7_
FN:33,_RINvMs_NtCs7VIpnN53UWS_20acorn_alarms_service5epicsNtB5_17PhoebusAlarmState13check_and_setNtB5_15PhoebusSeverityEB7_
FN:33,_RINvMs_NtCs7VIpnN53UWS_20acorn_alarms_service5epicsNtB5_17PhoebusAlarmState13check_and_setNtNtCs1AhsD0INetT_5alloc6string6StringEB7_
FN:33,_RINvMs_NtCs7VIpnN53UWS_20acorn_alarms_service5epicsNtB5_17PhoebusAlarmState13check_and_setbEB7_
FN:40,_RNvMs_NtCs7VIpnN53UWS_20acorn_alarms_service5epicsNtB4_17PhoebusAlarmState12into_message
FN:17,_RNvXNtCs7VIpnN53UWS_20acorn_alarms_service5epicsNtB2_15PhoebusSeverityNtNtCs2CqrNpCrSUr_4core3fmt7Display3fmt
FN:61,_RNvNtNtCs7VIpnN53UWS_20acorn_alarms_service5epics5testss_16check_full_print
FN:86,_RNvNtNtCs7VIpnN53UWS_20acorn_alarms_service5epics5testss_19check_partial_print
FNDA:9,_RINvMs_NtCs7VIpnN53UWS_20acorn_alarms_service5epicsNtB5_17PhoebusAlarmState13check_and_setINtNtCs1iNZn6q2WMN_6chrono8datetime8DateTimeNtNtNtB1v_6offset3utc3UtcEEB7_
FNDA:9,_RINvMs_NtCs7VIpnN53UWS_20acorn_alarms_service5epicsNtB5_17PhoebusAlarmState13check_and_setNtB5_15PhoebusSeverityEB7_
FNDA:27,_RINvMs_NtCs7VIpnN53UWS_20acorn_alarms_service5epicsNtB5_17PhoebusAlarmState13check_and_setNtNtCs1AhsD0INetT_5alloc6string6StringEB7_
FNDA:9,_RINvMs_NtCs7VIpnN53UWS_20acorn_alarms_service5epicsNtB5_17PhoebusAlarmState13check_and_setbEB7_
FNDA:9,_RNvMs_NtCs7VIpnN53UWS_20acorn_alarms_service5epicsNtB4_17PhoebusAlarmState12into_message
FNDA:10,_RNvXNtCs7VIpnN53UWS_20acorn_alarms_service5epicsNtB2_15PhoebusSeverityNtNtCs2CqrNpCrSUr_4core3fmt7Display3fmt
FNDA:1,_RNvNtNtCs7VIpnN53UWS_20acorn_alarms_service5epics5testss_16check_full_print
FNDA:1,_RNvNtNtCs7VIpnN53UWS_20acorn_alarms_service5epics5testss_19check_partial_print
FNF:5
FNH:5
DA:17,10
DA:18,10
DA:19,10
DA:33,54
DA:34,54
DA:35,20
DA:36,34
DA:38,54
DA:40,9
DA:41,9
DA:42,9
DA:43,9
DA:44,9
DA:45,9
DA:46,9
DA:47,9
DA:49,9
DA:50,9
DA:51,9
DA:53,9
DA:61,1
DA:62,1
DA:63,1
DA:64,1
DA:65,1
DA:66,1
DA:67,1
DA:68,1
DA:69,1
DA:70,1
DA:71,1
DA:72,1
DA:73,1
DA:74,1
DA:75,1
DA:76,1
DA:78,1
DA:79,1
DA:80,1
DA:81,1
DA:83,1
DA:86,1
DA:87,1
DA:88,1
DA:89,1
DA:90,1
DA:91,1
DA:92,1
DA:93,1
DA:94,1
DA:95,1
DA:96,1
DA:97,1
DA:98,1
DA:99,1
DA:100,1
BRF:0
BRH:0
LF:56
LH:56
end_of_record
SF:/Users/rnethi/acorn-alarms-service/src/main.rs
FN:27,_RINvCs7VIpnN53UWS_20acorn_alarms_service15handle_daq_datapEB2_
FN:61,_RNCNvCs7VIpnN53UWS_20acorn_alarms_service4main0B3_
FN:61,_RNvCs7VIpnN53UWS_20acorn_alarms_service4main
FNDA:0,_RINvCs7VIpnN53UWS_20acorn_alarms_service15handle_daq_datapEB2_
FNDA:0,_RNCNvCs7VIpnN53UWS_20acorn_alarms_service4main0B3_
FNDA:0,_RNvCs7VIpnN53UWS_20acorn_alarms_service4main
FNF:3
FNH:0
DA:27,0
DA:28,0
DA:29,0
DA:30,0
DA:31,0
DA:35,0
DA:36,0
DA:37,0
DA:38,0
DA:39,0
DA:41,0
DA:42,0
DA:43,0
DA:45,0
DA:47,0
DA:48,0
DA:49,0
DA:51,0
DA:52,0
DA:53,0
DA:58,0
DA:61,0
DA:62,0
DA:63,0
DA:64,0
DA:65,0
DA:66,0
DA:68,0
DA:70,0
DA:71,0
DA:73,0
DA:75,0
DA:76,0
DA:77,0
DA:79,0
DA:82,0
DA:83,0
DA:84,0
DA:88,0
DA:89,0
DA:90,0
DA:91,0
DA:92,0
DA:93,0
DA:94,0
DA:95,0
DA:96,0
DA:97,0
DA:99,0
DA:100,0
DA:101,0
DA:102,0
DA:103,0
DA:104,0
DA:105,0
DA:106,0
DA:107,0
DA:111,0
DA:114,0
DA:115,0
BRF:0
BRH:0
LF:62
LH:0
end_of_record
SF:/Users/rnethi/acorn-alarms-service/src/report/mod.rs
FN:131,_RINvMNtCs7VIpnN53UWS_20acorn_alarms_service6reportINtB3_14AlarmsReporterNtNtB3_5tests7TestPubE22transmit_with_fallbackINvB3_17get_pip_publisherB18_EEB5_
FN:131,_RINvMNtCs7VIpnN53UWS_20acorn_alarms_service6reportINtB3_14AlarmsReporterNtNtB3_5tests7TestPubE22transmit_with_fallbackINvB3_22get_controls_publisherB18_EEB5_
FN:28,_RINvNtCs7VIpnN53UWS_20acorn_alarms_service6report13get_publisherNtNtB2_5tests7TestPubEB4_
FN:28,_RINvNtCs7VIpnN53UWS_20acorn_alarms_service6report13get_publisherNtNtCseLFEOpX2GDx_15rust_pubsub_lib10kafka_impl14KafkaPublisherEB4_
FN:39,_RINvNtCs7VIpnN53UWS_20acorn_alarms_service6report17get_pip_publisherNtNtB2_5tests7TestPubEB4_
FN:39,_RINvNtCs7VIpnN53UWS_20acorn_alarms_service6report17get_pip_publisherNtNtCseLFEOpX2GDx_15rust_pubsub_lib10kafka_impl14KafkaPublisherEB4_
FN:23,_RINvNtCs7VIpnN53UWS_20acorn_alarms_service6report17handle_pubsub_errNtNtB2_5tests7TestPubEB4_
FN:23,_RINvNtCs7VIpnN53UWS_20acorn_alarms_service6report17handle_pubsub_errNtNtCseLFEOpX2GDx_15rust_pubsub_lib10kafka_impl14KafkaPublisherEB4_
FN:48,_RINvNtCs7VIpnN53UWS_20acorn_alarms_service6report22get_controls_publisherNtNtB2_5tests7TestPubEB4_
FN:48,_RINvNtCs7VIpnN53UWS_20acorn_alarms_service6report22get_controls_publisherNtNtCseLFEOpX2GDx_15rust_pubsub_lib10kafka_impl14KafkaPublisherEB4_
FN:36,_RNCINvNtCs7VIpnN53UWS_20acorn_alarms_service6report13get_publisherNtNtB4_5tests7TestPubE0B6_
FN:36,_RNCINvNtCs7VIpnN53UWS_20acorn_alarms_service6report13get_publisherNtNtCseLFEOpX2GDx_15rust_pubsub_lib10kafka_impl14KafkaPublisherE0B6_
FN:116,_RNvMNtCs7VIpnN53UWS_20acorn_alarms_service6reportINtB2_14AlarmsReporterNtNtB2_5tests7TestPubE11try_publishB4_
FN:75,_RNvMNtCs7VIpnN53UWS_20acorn_alarms_service6reportINtB2_14AlarmsReporterNtNtB2_5tests7TestPubE6reportB4_
FN:63,_RNvMNtCs7VIpnN53UWS_20acorn_alarms_service6reportINtB2_14AlarmsReporterNtNtCseLFEOpX2GDx_15rust_pubsub_lib10kafka_impl14KafkaPublisherE3newB4_
FN:186,_RNvMNtNtCs7VIpnN53UWS_20acorn_alarms_service6report5testsNtB2_7TestPub13init_throwing
FN:182,_RNvMNtNtCs7VIpnN53UWS_20acorn_alarms_service6report5testsNtB2_7TestPub4init
FN:212,_RNvNtNtCs7VIpnN53UWS_20acorn_alarms_service6report5testss_16report_new_alarm
FN:329,_RNvNtNtCs7VIpnN53UWS_20acorn_alarms_service6report5testss_18handles_err_on_pub
FN:300,_RNvNtNtCs7VIpnN53UWS_20acorn_alarms_service6report5testss_23report_alarm_not_active
FN:352,_RNvNtNtCs7VIpnN53UWS_20acorn_alarms_service6report5testss_39handles_subset_of_devices_independently
FN:164,_RNvNtNtCs7VIpnN53UWS_20acorn_alarms_service6report5testss_45call_alarms_reporter_new_with_kafka_publisher
FN:194,_RNvXs_NtNtCs7VIpnN53UWS_20acorn_alarms_service6report5testsNtB4_7TestPubNtCseLFEOpX2GDx_15rust_pubsub_lib9Publisher3new
FN:201,_RNvXs_NtNtCs7VIpnN53UWS_20acorn_alarms_service6report5testsNtB4_7TestPubNtCseLFEOpX2GDx_15rust_pubsub_lib9Publisher7publish
FNDA:7,_RINvMNtCs7VIpnN53UWS_20acorn_alarms_service6reportINtB3_14AlarmsReporterNtNtB3_5tests7TestPubE22transmit_with_fallbackINvB3_17get_pip_publisherB18_EEB5_
FNDA:7,_RINvMNtCs7VIpnN53UWS_20acorn_alarms_service6reportINtB3_14AlarmsReporterNtNtB3_5tests7TestPubE22transmit_with_fallbackINvB3_22get_controls_publisherB18_EEB5_
FNDA:1,_RINvNtCs7VIpnN53UWS_20acorn_alarms_service6report13get_publisherNtNtB2_5tests7TestPubEB4_
FNDA:2,_RINvNtCs7VIpnN53UWS_20acorn_alarms_service6report13get_publisherNtNtCseLFEOpX2GDx_15rust_pubsub_lib10kafka_impl14KafkaPublisherEB4_
FNDA:0,_RINvNtCs7VIpnN53UWS_20acorn_alarms_service6report17get_pip_publisherNtNtB2_5tests7TestPubEB4_
FNDA:1,_RINvNtCs7VIpnN53UWS_20acorn_alarms_service6report17get_pip_publisherNtNtCseLFEOpX2GDx_15rust_pubsub_lib10kafka_impl14KafkaPublisherEB4_
FNDA:1,_RINvNtCs7VIpnN53UWS_20acorn_alarms_service6report17handle_pubsub_errNtNtB2_5tests7TestPubEB4_
FNDA:2,_RINvNtCs7VIpnN53UWS_20acorn_alarms_service6report17handle_pubsub_errNtNtCseLFEOpX2GDx_15rust_pubsub_lib10kafka_impl14KafkaPublisherEB4_
FNDA:1,_RINvNtCs7VIpnN53UWS_20acorn_alarms_service6report22get_controls_publisherNtNtB2_5tests7TestPubEB4_
FNDA:1,_RINvNtCs7VIpnN53UWS_20acorn_alarms_service6report22get_controls_publisherNtNtCseLFEOpX2GDx_15rust_pubsub_lib10kafka_impl14KafkaPublisherEB4_
FNDA:1,_RNCINvNtCs7VIpnN53UWS_20acorn_alarms_service6report13get_publisherNtNtB4_5tests7TestPubE0B6_
FNDA:0,_RNCINvNtCs7VIpnN53UWS_20acorn_alarms_service6report13get_publisherNtNtCseLFEOpX2GDx_15rust_pubsub_lib10kafka_impl14KafkaPublisherE0B6_
FNDA:7,_RNvMNtCs7VIpnN53UWS_20acorn_alarms_service6reportINtB2_14AlarmsReporterNtNtB2_5tests7TestPubE11try_publishB4_
FNDA:9,_RNvMNtCs7VIpnN53UWS_20acorn_alarms_service6reportINtB2_14AlarmsReporterNtNtB2_5tests7TestPubE6reportB4_
FNDA:1,_RNvMNtCs7VIpnN53UWS_20acorn_alarms_service6reportINtB2_14AlarmsReporterNtNtCseLFEOpX2GDx_15rust_pubsub_lib10kafka_impl14KafkaPublisherE3newB4_
FNDA:1,_RNvMNtNtCs7VIpnN53UWS_20acorn_alarms_service6report5testsNtB2_7TestPub13init_throwing
FNDA:7,_RNvMNtNtCs7VIpnN53UWS_20acorn_alarms_service6report5testsNtB2_7TestPub4init
FNDA:1,_RNvNtNtCs7VIpnN53UWS_20acorn_alarms_service6report5testss_16report_new_alarm
FNDA:1,_RNvNtNtCs7VIpnN53UWS_20acorn_alarms_service6report5testss_18handles_err_on_pub
FNDA:1,_RNvNtNtCs7VIpnN53UWS_20acorn_alarms_service6report5testss_23report_alarm_not_active
FNDA:1,_RNvNtNtCs7VIpnN53UWS_20acorn_alarms_service6report5testss_39handles_subset_of_devices_independently
FNDA:1,_RNvNtNtCs7VIpnN53UWS_20acorn_alarms_service6report5testss_45call_alarms_reporter_new_with_kafka_publisher
FNDA:8,_RNvXs_NtNtCs7VIpnN53UWS_20acorn_alarms_service6report5testsNtB4_7TestPubNtCseLFEOpX2GDx_15rust_pubsub_lib9Publisher3new
FNDA:14,_RNvXs_NtNtCs7VIpnN53UWS_20acorn_alarms_service6report5testsNtB4_7TestPubNtCseLFEOpX2GDx_15rust_pubsub_lib9Publisher7publish
FNF:18
FNH:18
DA:23,3
DA:24,3
DA:25,3
DA:26,3
DA:28,3
DA:29,3
DA:30,3
DA:31,3
DA:32,3
DA:33,3
DA:34,3
DA:35,3
DA:36,3
DA:37,3
DA:39,1
DA:40,1
DA:41,1
DA:42,1
DA:43,1
DA:44,1
DA:46,1
DA:48,2
DA:49,2
DA:50,2
DA:51,2
DA:52,2
DA:53,2
DA:55,2
DA:63,1
DA:64,1
DA:65,1
DA:66,1
DA:68,1
DA:69,1
DA:70,1
DA:71,1
DA:72,1
DA:73,1
DA:75,9
DA:76,9
DA:77,9
DA:78,3
DA:79,2
DA:80,2
DA:81,2
DA:82,2
DA:83,2
DA:84,2
DA:85,2
DA:86,2
DA:87,2
DA:88,2
DA:89,2
DA:90,2
DA:91,6
DA:92,5
DA:93,5
DA:94,5
DA:95,5
DA:96,5
DA:97,5
DA:98,5
DA:99,5
DA:100,5
DA:101,5
DA:102,5
DA:103,5
DA:105,9
DA:106,7
DA:108,6
DA:109,2
DA:110,4
DA:111,4
DA:112,4
DA:113,3
DA:114,9
DA:116,7
DA:117,7
DA:118,7
DA:119,7
DA:122,7
DA:123,7
DA:128,7
DA:129,7
DA:131,14
DA:132,14
DA:133,14
DA:134,14
DA:135,14
DA:136,14
DA:137,13
DA:138,1
DA:139,1
DA:140,1
DA:142,12
DA:144,1
DA:145,1
DA:147,1
DA:148,1
DA:150,0
DA:152,0
DA:155,14
DA:164,1
DA:165,1
DA:166,1
DA:167,0
DA:168,1
DA:170,1
DA:171,0
DA:172,1
DA:174,1
DA:182,7
DA:183,7
DA:184,7
DA:186,1
DA:187,1
DA:188,1
DA:189,1
DA:190,1
DA:191,1
DA:194,8
DA:195,8
DA:196,8
DA:197,8
DA:198,8
DA:199,8
DA:201,14
DA:202,14
DA:203,1
DA:204,13
DA:206,13
DA:207,13
DA:208,14
DA:212,1
DA:213,1
DA:214,1
DA:215,1
DA:216,1
DA:217,1
DA:219,1
DA:220,1
DA:221,1
DA:222,1
DA:223,0
DA:226,1
DA:228,1
DA:231,1
DA:232,1
DA:233,1
DA:234,1
DA:235,1
DA:236,1
DA:238,1
DA:239,1
DA:240,1
DA:241,1
DA:242,1
DA:243,1
DA:244,1
DA:246,1
DA:247,1
DA:248,1
DA:249,1
DA:250,1
DA:251,1
DA:253,0
DA:254,0
DA:258,0
DA:259,0
DA:263,1
DA:265,1
DA:267,1
DA:268,1
DA:269,1
DA:270,1
DA:271,1
DA:272,1
DA:274,1
DA:275,1
DA:276,1
DA:277,1
DA:278,1
DA:279,1
DA:280,1
DA:282,1
DA:283,1
DA:285,1
DA:286,1
DA:288,0
DA:289,0
DA:293,0
DA:294,0
DA:297,1
DA:300,1
DA:301,1
DA:302,1
DA:303,1
DA:304,1
DA:305,1
DA:307,1
DA:309,1
DA:310,1
DA:311,1
DA:312,1
DA:313,0
DA:315,1
DA:316,1
DA:317,0
DA:318,0
DA:320,1
DA:322,0
DA:323,0
DA:326,1
DA:329,1
DA:330,1
DA:331,1
DA:332,1
DA:333,1
DA:334,1
DA:336,1
DA:337,1
DA:338,1
DA:339,0
DA:340,1
DA:341,1
DA:342,0
DA:343,1
DA:348,1
DA:349,1
DA:350,1
DA:352,1
DA:353,1
DA:354,1
DA:355,1
DA:356,1
DA:357,1
DA:359,1
DA:362,1
DA:363,1
DA:365,1
DA:366,1
DA:367,1
DA:370,1
DA:372,1
DA:373,1
DA:374,1
DA:375,1
BRF:0
BRH:0
LF:248
LH:228
end_of_record